<?xml version="1.0" encoding="UTF-8"?>
<!-- Generated by org.testng.reporters.JUnitReportReporter -->
<testsuite name="com.email.scripts.GetFieldsAcceble" tests="1" time="26.794" ignored="0" failures="0" timestamp="16 Jan 2017 10:03:00 GMT" skipped="0" hostname="PPC05536" errors="0">
  <testcase name="getFields" time="26.794" classname="com.email.scripts.GetFieldsAcceble"/>
</testsuite> <!-- com.email.scripts.GetFieldsAcceble -->
