<?xml version="1.0" encoding="UTF-8"?>
<!-- Generated by org.testng.reporters.JUnitReportReporter -->
<testsuite name="com.email.scripts.GetPermissionDetail" tests="1" time="106.613" ignored="0" failures="0" timestamp="16 Jan 2017 13:12:07 GMT" skipped="0" hostname="PPC05536" errors="0">
  <testcase name="getFields" time="106.613" classname="com.email.scripts.GetPermissionDetail"/>
</testsuite> <!-- com.email.scripts.GetPermissionDetail -->
